2024-11-23 12:05:31,643 - Action: Successful login: Username 'patient1', Performed by: patient1
2024-11-23 12:11:37,256 - Action: User 'mhwp1' logged in despite being disabled, Performed by: system
2024-11-23 12:11:42,122 - Action: Successful login: Username 'mhwp1', Performed by: mhwp1
2024-11-23 12:12:10,479 - Action: Successful login: Username 'mhwp2', Performed by: mhwp2
2024-11-23 12:27:59,925 - Action: Successful login: Username 'mhwp2', Performed by: mhwp2
2024-11-23 12:29:27,163 - Action: Successful login: Username 'admin1', Performed by: admin1
2024-11-23 12:30:37,692 - Action: Successful login: Username 'mhwp2', Performed by: mhwp2
2024-11-23 12:36:11,159 - Action: Successful login: Username 'mhwp2', Performed by: mhwp2
2024-11-23 12:38:23,739 - Action: Successful login: Username 'mhwp2', Performed by: mhwp2
2024-11-23 12:50:58,767 - Action: Successful login: Username 'patient2', Performed by: patient2
2024-11-23 13:04:44,073 - Action: Successful login: Username 'mhwp2', Performed by: mhwp2
2024-11-23 13:06:37,340 - Action: Successful login: Username 'mhwp2', Performed by: mhwp2
2024-11-23 13:28:58,403 - Action: Successful login: Username 'mhwp2', Performed by: mhwp2
2024-11-23 13:29:32,715 - Action: Successful login: Username 'patient1', Performed by: patient1
2024-11-23 13:31:44,099 - Action: User 'patient3' logged in despite being disabled, Performed by: system
2024-11-23 13:31:48,507 - Action: Successful login: Username 'patient3', Performed by: patient3
2024-11-23 14:27:19,251 - Action: User 'mhwp1' logged in despite being disabled, Performed by: system
2024-11-23 14:27:22,534 - Action: Successful login: Username 'mhwp1', Performed by: mhwp1
2024-11-23 14:37:10,546 - Action: User 'mhwp1' logged in despite being disabled, Performed by: system
2024-11-23 14:37:12,534 - Action: Successful login: Username 'mhwp1', Performed by: mhwp1
2024-11-23 14:44:22,007 - Action: User 'mhwp1' logged in despite being disabled, Performed by: system
2024-11-23 14:44:26,140 - Action: Successful login: Username 'mhwp1', Performed by: mhwp1
2024-11-23 14:44:52,679 - Action: Successful login: Username 'mhwp2', Performed by: mhwp2
2024-11-23 16:02:54,257 - Action: Successful login: Username 'mhwp2', Performed by: mhwp2
2024-11-23 16:04:19,273 - Action: Successful login: Username 'mhwp2', Performed by: mhwp2
2024-11-23 16:06:11,314 - Action: Successful login: Username 'mhwp2', Performed by: mhwp2
2024-11-24 17:23:29,495 - Action: Successful login: Username 'mhwp2', Performed by: mhwp2
2024-11-24 17:26:42,361 - Action: Successful login: Username 'mhwp2', Performed by: mhwp2
2024-11-26 11:53:19,293 - Action: Successful login: Username 'mhwp2', Performed by: mhwp2
2024-11-26 11:54:45,475 - Action: Successful login: Username 'mhwp2', Performed by: mhwp2
2024-11-26 11:55:06,172 - Action: Successful login: Username 'mhwp2', Performed by: mhwp2
2024-11-26 11:55:44,559 - Action: Successful login: Username 'mhwp2', Performed by: mhwp2
2024-11-26 12:05:48,790 - Action: Successful login: Username 'mhwp2', Performed by: mhwp2
